2020-03-31 19:43:14.850  INFO 1 --- [main] com.example.demo.DemoApplication         : Starting DemoApplication v0.0.1-SNAPSHOT on 0e18f3e8529f with PID 1 (/usr/src/demo/demo-0.0.1-SNAPSHOT.jar started by root in /usr/src)
2020-03-31 19:43:14.907  INFO 1 --- [main] com.example.demo.DemoApplication         : No active profile set, falling back to default profiles: default
2020-03-31 19:43:20.282  INFO 1 --- [main] o.s.b.w.embedded.tomcat.TomcatWebServer  : Tomcat initialized with port(s): 8080 (http)
2020-03-31 19:43:20.362  INFO 1 --- [main] o.apache.catalina.core.StandardService   : Starting service [Tomcat]
2020-03-31 19:43:20.365  INFO 1 --- [main] org.apache.catalina.core.StandardEngine  : Starting Servlet engine: [Apache Tomcat/9.0.33]
2020-03-31 19:43:20.624  INFO 1 --- [main] o.a.c.c.C.[Tomcat].[localhost].[/]       : Initializing Spring embedded WebApplicationContext
2020-03-31 19:43:20.627  INFO 1 --- [main] o.s.web.context.ContextLoader            : Root WebApplicationContext: initialization completed in 5265 ms
2020-03-31 19:43:21.757  INFO 1 --- [main] o.s.s.concurrent.ThreadPoolTaskExecutor  : Initializing ExecutorService 'applicationTaskExecutor'
2020-03-31 19:43:22.712  INFO 1 --- [main] o.s.b.w.embedded.tomcat.TomcatWebServer  : Tomcat started on port(s): 8080 (http) with context path ''
2020-03-31 19:43:22.747  INFO 1 --- [main] com.example.demo.DemoApplication         : Started DemoApplication in 10.882 seconds (JVM running for 13.301)
2020-03-31 19:43:56.271  INFO 1 --- [SpringContextShutdownHook] o.s.s.concurrent.ThreadPoolTaskExecutor  : Shutting down ExecutorService 'applicationTaskExecutor'
2020-03-31 19:44:10.573  INFO 1 --- [main] com.example.demo.DemoApplication         : Starting DemoApplication v0.0.1-SNAPSHOT on bf6dda106d36 with PID 1 (/usr/src/demo/demo-0.0.1-SNAPSHOT.jar started by root in /usr/src)
2020-03-31 19:44:10.601  INFO 1 --- [main] com.example.demo.DemoApplication         : No active profile set, falling back to default profiles: default
2020-03-31 19:44:15.838  INFO 1 --- [main] o.s.b.w.embedded.tomcat.TomcatWebServer  : Tomcat initialized with port(s): 8080 (http)
2020-03-31 19:44:15.925  INFO 1 --- [main] o.apache.catalina.core.StandardService   : Starting service [Tomcat]
2020-03-31 19:44:15.933  INFO 1 --- [main] org.apache.catalina.core.StandardEngine  : Starting Servlet engine: [Apache Tomcat/9.0.33]
2020-03-31 19:44:16.219  INFO 1 --- [main] o.a.c.c.C.[Tomcat].[localhost].[/]       : Initializing Spring embedded WebApplicationContext
2020-03-31 19:44:16.225  INFO 1 --- [main] o.s.web.context.ContextLoader            : Root WebApplicationContext: initialization completed in 5232 ms
2020-03-31 19:44:17.045  INFO 1 --- [main] o.s.s.concurrent.ThreadPoolTaskExecutor  : Initializing ExecutorService 'applicationTaskExecutor'
2020-03-31 19:44:17.826  INFO 1 --- [main] o.s.b.w.embedded.tomcat.TomcatWebServer  : Tomcat started on port(s): 8080 (http) with context path ''
2020-03-31 19:44:17.835  INFO 1 --- [main] com.example.demo.DemoApplication         : Started DemoApplication in 10.208 seconds (JVM running for 12.494)
2020-03-31 19:45:08.269  INFO 1 --- [SpringContextShutdownHook] o.s.s.concurrent.ThreadPoolTaskExecutor  : Shutting down ExecutorService 'applicationTaskExecutor'
2020-03-31 19:45:26.751  INFO 1 --- [main] com.example.demo.DemoApplication         : Starting DemoApplication v0.0.1-SNAPSHOT on ab02aa5c890b with PID 1 (/usr/src/demo/demo-0.0.1-SNAPSHOT.jar started by root in /usr/src)
2020-03-31 19:45:26.796  INFO 1 --- [main] com.example.demo.DemoApplication         : No active profile set, falling back to default profiles: default
2020-03-31 19:45:39.336  INFO 1 --- [main] o.s.b.w.embedded.tomcat.TomcatWebServer  : Tomcat initialized with port(s): 8080 (http)
2020-03-31 19:45:39.467  INFO 1 --- [main] o.apache.catalina.core.StandardService   : Starting service [Tomcat]
2020-03-31 19:45:39.477  INFO 1 --- [main] org.apache.catalina.core.StandardEngine  : Starting Servlet engine: [Apache Tomcat/9.0.33]
2020-03-31 19:45:40.174  INFO 1 --- [main] o.a.c.c.C.[Tomcat].[localhost].[/]       : Initializing Spring embedded WebApplicationContext
2020-03-31 19:45:40.184  INFO 1 --- [main] o.s.web.context.ContextLoader            : Root WebApplicationContext: initialization completed in 12580 ms
2020-03-31 19:45:42.465  INFO 1 --- [main] o.s.s.concurrent.ThreadPoolTaskExecutor  : Initializing ExecutorService 'applicationTaskExecutor'
2020-03-31 19:45:44.124  INFO 1 --- [main] o.s.b.w.embedded.tomcat.TomcatWebServer  : Tomcat started on port(s): 8080 (http) with context path ''
2020-03-31 19:45:44.173  INFO 1 --- [main] com.example.demo.DemoApplication         : Started DemoApplication in 23.469 seconds (JVM running for 28.273)
2020-03-31 19:46:12.376  INFO 1 --- [SpringContextShutdownHook] o.s.s.concurrent.ThreadPoolTaskExecutor  : Shutting down ExecutorService 'applicationTaskExecutor'
2020-03-31 19:47:16.923  INFO 1 --- [main] com.example.demo.DemoApplication         : Starting DemoApplication v0.0.1-SNAPSHOT on d0736ec988bb with PID 1 (/usr/src/demo/demo-0.0.1-SNAPSHOT.jar started by root in /usr/src)
2020-03-31 19:47:17.118  INFO 1 --- [main] com.example.demo.DemoApplication         : No active profile set, falling back to default profiles: default
2020-03-31 19:47:50.721  INFO 1 --- [main] o.s.b.w.embedded.tomcat.TomcatWebServer  : Tomcat initialized with port(s): 8080 (http)
2020-03-31 19:47:51.158  INFO 1 --- [main] o.apache.catalina.core.StandardService   : Starting service [Tomcat]
2020-03-31 19:47:51.174  INFO 1 --- [main] org.apache.catalina.core.StandardEngine  : Starting Servlet engine: [Apache Tomcat/9.0.33]
2020-03-31 19:47:52.605  INFO 1 --- [main] o.a.c.c.C.[Tomcat].[localhost].[/]       : Initializing Spring embedded WebApplicationContext
2020-03-31 19:47:52.647  INFO 1 --- [main] o.s.web.context.ContextLoader            : Root WebApplicationContext: initialization completed in 33956 ms
2020-03-31 19:48:00.175  INFO 1 --- [main] o.s.s.concurrent.ThreadPoolTaskExecutor  : Initializing ExecutorService 'applicationTaskExecutor'
2020-03-31 19:48:10.696  INFO 1 --- [main] o.s.b.w.embedded.tomcat.TomcatWebServer  : Tomcat started on port(s): 8080 (http) with context path ''
2020-03-31 19:48:11.074  INFO 1 --- [main] com.example.demo.DemoApplication         : Started DemoApplication in 65.156 seconds (JVM running for 75.006)
2020-03-31 19:50:05.545  INFO 1 --- [http-nio-8080-exec-2] o.a.c.c.C.[Tomcat].[localhost].[/]       : Initializing Spring DispatcherServlet 'dispatcherServlet'
2020-03-31 19:50:05.752  INFO 1 --- [http-nio-8080-exec-2] o.s.web.servlet.DispatcherServlet        : Initializing Servlet 'dispatcherServlet'
2020-03-31 19:50:06.563  INFO 1 --- [http-nio-8080-exec-2] o.s.web.servlet.DispatcherServlet        : Completed initialization in 769 ms
2020-03-31 19:50:07.801  INFO 1 --- [http-nio-8080-exec-1] com.example.demo.ELKController           : Welcome to JavaInUseTue Mar 31 19:50:07 GMT 2020
2020-03-31 20:01:51.986  INFO 1 --- [main] com.example.demo.DemoApplication         : Starting DemoApplication v0.0.1-SNAPSHOT on ef9a8276a3df with PID 1 (/usr/src/demo/demo-0.0.1-SNAPSHOT.jar started by root in /usr/src)
2020-03-31 20:01:52.058  INFO 1 --- [main] com.example.demo.DemoApplication         : No active profile set, falling back to default profiles: default
2020-03-31 20:02:21.469  INFO 1 --- [main] o.s.b.w.embedded.tomcat.TomcatWebServer  : Tomcat initialized with port(s): 8080 (http)
2020-03-31 20:02:21.972  INFO 1 --- [main] o.apache.catalina.core.StandardService   : Starting service [Tomcat]
2020-03-31 20:02:21.981  INFO 1 --- [main] org.apache.catalina.core.StandardEngine  : Starting Servlet engine: [Apache Tomcat/9.0.33]
2020-03-31 20:02:23.690  INFO 1 --- [main] o.a.c.c.C.[Tomcat].[localhost].[/]       : Initializing Spring embedded WebApplicationContext
2020-03-31 20:02:23.749  INFO 1 --- [main] o.s.web.context.ContextLoader            : Root WebApplicationContext: initialization completed in 30619 ms
2020-03-31 20:02:30.502  INFO 1 --- [main] o.s.s.concurrent.ThreadPoolTaskExecutor  : Initializing ExecutorService 'applicationTaskExecutor'
2020-03-31 20:02:39.772  INFO 1 --- [main] o.s.b.w.embedded.tomcat.TomcatWebServer  : Tomcat started on port(s): 8080 (http) with context path ''
2020-03-31 20:02:40.202  INFO 1 --- [main] com.example.demo.DemoApplication         : Started DemoApplication in 56.89 seconds (JVM running for 63.961)
2020-04-01 07:15:40.058  INFO 1 --- [main] com.example.demo.DemoApplication         : Starting DemoApplication v0.0.1-SNAPSHOT on fbc895dff846 with PID 1 (/usr/src/demo/demo-0.0.1-SNAPSHOT.jar started by root in /usr/src)
2020-04-01 07:15:40.113  INFO 1 --- [main] com.example.demo.DemoApplication         : No active profile set, falling back to default profiles: default
2020-04-01 07:15:53.046  INFO 1 --- [main] o.s.b.w.embedded.tomcat.TomcatWebServer  : Tomcat initialized with port(s): 8080 (http)
2020-04-01 07:15:53.198  INFO 1 --- [main] o.apache.catalina.core.StandardService   : Starting service [Tomcat]
2020-04-01 07:15:53.205  INFO 1 --- [main] org.apache.catalina.core.StandardEngine  : Starting Servlet engine: [Apache Tomcat/9.0.33]
2020-04-01 07:15:53.748  INFO 1 --- [main] o.a.c.c.C.[Tomcat].[localhost].[/]       : Initializing Spring embedded WebApplicationContext
2020-04-01 07:15:53.759  INFO 1 --- [main] o.s.web.context.ContextLoader            : Root WebApplicationContext: initialization completed in 12751 ms
2020-04-01 07:15:55.935  INFO 1 --- [main] o.s.s.concurrent.ThreadPoolTaskExecutor  : Initializing ExecutorService 'applicationTaskExecutor'
2020-04-01 07:15:57.558  INFO 1 --- [main] o.s.b.w.embedded.tomcat.TomcatWebServer  : Tomcat started on port(s): 8080 (http) with context path ''
2020-04-01 07:15:57.626  INFO 1 --- [main] com.example.demo.DemoApplication         : Started DemoApplication in 23.691 seconds (JVM running for 28.395)
2020-04-01 07:19:19.728  INFO 1 --- [http-nio-8080-exec-2] o.a.c.c.C.[Tomcat].[localhost].[/]       : Initializing Spring DispatcherServlet 'dispatcherServlet'
2020-04-01 07:19:19.733  INFO 1 --- [http-nio-8080-exec-2] o.s.web.servlet.DispatcherServlet        : Initializing Servlet 'dispatcherServlet'
2020-04-01 07:19:19.771  INFO 1 --- [http-nio-8080-exec-2] o.s.web.servlet.DispatcherServlet        : Completed initialization in 36 ms
2020-04-01 07:19:19.921  INFO 1 --- [http-nio-8080-exec-1] com.example.demo.ELKController           : Welcome to JavaInUseWed Apr 01 07:19:19 GMT 2020
2020-04-01 07:20:51.684  INFO 1 --- [main] com.example.demo.DemoApplication         : Starting DemoApplication v0.0.1-SNAPSHOT on 249449cc0ab7 with PID 1 (/usr/src/demo/demo-0.0.1-SNAPSHOT.jar started by root in /usr/src)
2020-04-01 07:20:51.746  INFO 1 --- [main] com.example.demo.DemoApplication         : No active profile set, falling back to default profiles: default
2020-04-01 07:21:04.591  INFO 1 --- [main] o.s.b.w.embedded.tomcat.TomcatWebServer  : Tomcat initialized with port(s): 8080 (http)
2020-04-01 07:21:04.767  INFO 1 --- [main] o.apache.catalina.core.StandardService   : Starting service [Tomcat]
2020-04-01 07:21:04.777  INFO 1 --- [main] org.apache.catalina.core.StandardEngine  : Starting Servlet engine: [Apache Tomcat/9.0.33]
2020-04-01 07:21:05.400  INFO 1 --- [main] o.a.c.c.C.[Tomcat].[localhost].[/]       : Initializing Spring embedded WebApplicationContext
2020-04-01 07:21:05.409  INFO 1 --- [main] o.s.web.context.ContextLoader            : Root WebApplicationContext: initialization completed in 12892 ms
2020-04-01 07:21:08.376  INFO 1 --- [main] o.s.s.concurrent.ThreadPoolTaskExecutor  : Initializing ExecutorService 'applicationTaskExecutor'
2020-04-01 07:21:10.425  INFO 1 --- [main] o.s.b.w.embedded.tomcat.TomcatWebServer  : Tomcat started on port(s): 8080 (http) with context path ''
2020-04-01 07:21:10.486  INFO 1 --- [main] com.example.demo.DemoApplication         : Started DemoApplication in 24.51 seconds (JVM running for 29.147)
2020-04-01 07:29:03.740  INFO 1 --- [main] com.example.demo.DemoApplication         : Starting DemoApplication v0.0.1-SNAPSHOT on 534caf518d2b with PID 1 (/usr/src/demo/demo-0.0.1-SNAPSHOT.jar started by root in /usr/src)
2020-04-01 07:29:03.788  INFO 1 --- [main] com.example.demo.DemoApplication         : No active profile set, falling back to default profiles: default
2020-04-01 07:29:15.337  INFO 1 --- [main] o.s.b.w.embedded.tomcat.TomcatWebServer  : Tomcat initialized with port(s): 8080 (http)
2020-04-01 07:29:15.507  INFO 1 --- [main] o.apache.catalina.core.StandardService   : Starting service [Tomcat]
2020-04-01 07:29:15.510  INFO 1 --- [main] org.apache.catalina.core.StandardEngine  : Starting Servlet engine: [Apache Tomcat/9.0.33]
2020-04-01 07:29:16.276  INFO 1 --- [main] o.a.c.c.C.[Tomcat].[localhost].[/]       : Initializing Spring embedded WebApplicationContext
2020-04-01 07:29:16.282  INFO 1 --- [main] o.s.web.context.ContextLoader            : Root WebApplicationContext: initialization completed in 11844 ms
2020-04-01 07:29:18.601  INFO 1 --- [main] o.s.s.concurrent.ThreadPoolTaskExecutor  : Initializing ExecutorService 'applicationTaskExecutor'
2020-04-01 07:29:20.556  INFO 1 --- [main] o.s.b.w.embedded.tomcat.TomcatWebServer  : Tomcat started on port(s): 8080 (http) with context path ''
2020-04-01 07:29:20.593  INFO 1 --- [main] com.example.demo.DemoApplication         : Started DemoApplication in 23.694 seconds (JVM running for 29.04)
2020-04-01 07:33:53.727  INFO 1 --- [main] com.example.demo.DemoApplication         : Starting DemoApplication v0.0.1-SNAPSHOT on 63529a7c5696 with PID 1 (/usr/src/demo/demo-0.0.1-SNAPSHOT.jar started by root in /usr/src)
2020-04-01 07:33:53.773  INFO 1 --- [main] com.example.demo.DemoApplication         : No active profile set, falling back to default profiles: default
2020-04-01 07:34:05.823  INFO 1 --- [main] o.s.b.w.embedded.tomcat.TomcatWebServer  : Tomcat initialized with port(s): 8080 (http)
2020-04-01 07:34:05.976  INFO 1 --- [main] o.apache.catalina.core.StandardService   : Starting service [Tomcat]
2020-04-01 07:34:05.979  INFO 1 --- [main] org.apache.catalina.core.StandardEngine  : Starting Servlet engine: [Apache Tomcat/9.0.33]
2020-04-01 07:34:06.651  INFO 1 --- [main] o.a.c.c.C.[Tomcat].[localhost].[/]       : Initializing Spring embedded WebApplicationContext
2020-04-01 07:34:06.656  INFO 1 --- [main] o.s.web.context.ContextLoader            : Root WebApplicationContext: initialization completed in 12022 ms
2020-04-01 07:34:09.318  INFO 1 --- [main] o.s.s.concurrent.ThreadPoolTaskExecutor  : Initializing ExecutorService 'applicationTaskExecutor'
2020-04-01 07:34:11.357  INFO 1 --- [main] o.s.b.w.embedded.tomcat.TomcatWebServer  : Tomcat started on port(s): 8080 (http) with context path ''
2020-04-01 07:34:11.416  INFO 1 --- [main] com.example.demo.DemoApplication         : Started DemoApplication in 23.048 seconds (JVM running for 27.277)
2020-04-01 07:37:44.197  INFO 1 --- [main] com.example.demo.DemoApplication         : Starting DemoApplication v0.0.1-SNAPSHOT on 790c4d6630cf with PID 1 (/usr/src/demo/demo-0.0.1-SNAPSHOT.jar started by root in /usr/src)
2020-04-01 07:37:44.236  INFO 1 --- [main] com.example.demo.DemoApplication         : No active profile set, falling back to default profiles: default
2020-04-01 07:37:57.066  INFO 1 --- [main] o.s.b.w.embedded.tomcat.TomcatWebServer  : Tomcat initialized with port(s): 8080 (http)
2020-04-01 07:37:57.233  INFO 1 --- [main] o.apache.catalina.core.StandardService   : Starting service [Tomcat]
2020-04-01 07:37:57.244  INFO 1 --- [main] org.apache.catalina.core.StandardEngine  : Starting Servlet engine: [Apache Tomcat/9.0.33]
2020-04-01 07:37:57.996  INFO 1 --- [main] o.a.c.c.C.[Tomcat].[localhost].[/]       : Initializing Spring embedded WebApplicationContext
2020-04-01 07:37:58.000  INFO 1 --- [main] o.s.web.context.ContextLoader            : Root WebApplicationContext: initialization completed in 12972 ms
2020-04-01 07:38:00.557  INFO 1 --- [main] o.s.s.concurrent.ThreadPoolTaskExecutor  : Initializing ExecutorService 'applicationTaskExecutor'
2020-04-01 07:38:02.905  INFO 1 --- [main] o.s.b.w.embedded.tomcat.TomcatWebServer  : Tomcat started on port(s): 8080 (http) with context path ''
2020-04-01 07:38:02.971  INFO 1 --- [main] com.example.demo.DemoApplication         : Started DemoApplication in 24.802 seconds (JVM running for 29.199)
2020-04-01 07:46:55.095  INFO 1 --- [main] com.example.demo.DemoApplication         : Starting DemoApplication v0.0.1-SNAPSHOT on 99ddaa8dcbd8 with PID 1 (/usr/src/demo/demo-0.0.1-SNAPSHOT.jar started by root in /usr/src)
2020-04-01 07:46:55.130  INFO 1 --- [main] com.example.demo.DemoApplication         : No active profile set, falling back to default profiles: default
2020-04-01 07:47:01.073  INFO 1 --- [main] o.s.b.w.embedded.tomcat.TomcatWebServer  : Tomcat initialized with port(s): 8080 (http)
2020-04-01 07:47:01.242  INFO 1 --- [main] o.apache.catalina.core.StandardService   : Starting service [Tomcat]
2020-04-01 07:47:01.245  INFO 1 --- [main] org.apache.catalina.core.StandardEngine  : Starting Servlet engine: [Apache Tomcat/9.0.33]
2020-04-01 07:47:01.633  INFO 1 --- [main] o.a.c.c.C.[Tomcat].[localhost].[/]       : Initializing Spring embedded WebApplicationContext
2020-04-01 07:47:01.635  INFO 1 --- [main] o.s.web.context.ContextLoader            : Root WebApplicationContext: initialization completed in 6148 ms
2020-04-01 07:47:03.041  INFO 1 --- [main] o.s.s.concurrent.ThreadPoolTaskExecutor  : Initializing ExecutorService 'applicationTaskExecutor'
2020-04-01 07:47:04.177  INFO 1 --- [main] o.s.b.w.embedded.tomcat.TomcatWebServer  : Tomcat started on port(s): 8080 (http) with context path ''
2020-04-01 07:47:04.195  INFO 1 --- [main] com.example.demo.DemoApplication         : Started DemoApplication in 11.631 seconds (JVM running for 13.933)
2020-04-01 08:08:11.846  INFO 1 --- [http-nio-8080-exec-2] o.a.c.c.C.[Tomcat].[localhost].[/]       : Initializing Spring DispatcherServlet 'dispatcherServlet'
2020-04-01 08:08:11.883  INFO 1 --- [http-nio-8080-exec-2] o.s.web.servlet.DispatcherServlet        : Initializing Servlet 'dispatcherServlet'
2020-04-01 08:08:11.972  INFO 1 --- [http-nio-8080-exec-2] o.s.web.servlet.DispatcherServlet        : Completed initialization in 86 ms
2020-04-01 08:08:16.404  INFO 1 --- [http-nio-8080-exec-4] com.example.demo.ELKController           : Welcome to JavaInUseWed Apr 01 08:08:16 GMT 2020
2020-04-01 08:08:18.362  INFO 1 --- [http-nio-8080-exec-5] com.example.demo.ELKController           : Welcome to JavaInUseWed Apr 01 08:08:18 GMT 2020
2020-04-01 08:08:18.693  INFO 1 --- [http-nio-8080-exec-6] com.example.demo.ELKController           : Welcome to JavaInUseWed Apr 01 08:08:18 GMT 2020
2020-04-01 08:08:19.095  INFO 1 --- [http-nio-8080-exec-7] com.example.demo.ELKController           : Welcome to JavaInUseWed Apr 01 08:08:19 GMT 2020
2020-04-01 08:08:19.487  INFO 1 --- [http-nio-8080-exec-8] com.example.demo.ELKController           : Welcome to JavaInUseWed Apr 01 08:08:19 GMT 2020
2020-04-01 08:08:19.821  INFO 1 --- [http-nio-8080-exec-9] com.example.demo.ELKController           : Welcome to JavaInUseWed Apr 01 08:08:19 GMT 2020
2020-04-01 08:08:20.111  INFO 1 --- [http-nio-8080-exec-10] com.example.demo.ELKController           : Welcome to JavaInUseWed Apr 01 08:08:20 GMT 2020
2020-04-01 08:08:20.663  INFO 1 --- [http-nio-8080-exec-10] com.example.demo.ELKController           : Welcome to JavaInUseWed Apr 01 08:08:20 GMT 2020
2020-04-01 08:08:20.669  INFO 1 --- [http-nio-8080-exec-2] com.example.demo.ELKController           : Welcome to JavaInUseWed Apr 01 08:08:20 GMT 2020
2020-04-01 08:08:20.878  INFO 1 --- [http-nio-8080-exec-1] com.example.demo.ELKController           : Welcome to JavaInUseWed Apr 01 08:08:20 GMT 2020
2020-04-01 08:08:21.157  INFO 1 --- [http-nio-8080-exec-3] com.example.demo.ELKController           : Welcome to JavaInUseWed Apr 01 08:08:21 GMT 2020
2020-04-01 08:08:21.445  INFO 1 --- [http-nio-8080-exec-4] com.example.demo.ELKController           : Welcome to JavaInUseWed Apr 01 08:08:21 GMT 2020
2020-04-01 08:08:21.727  INFO 1 --- [http-nio-8080-exec-5] com.example.demo.ELKController           : Welcome to JavaInUseWed Apr 01 08:08:21 GMT 2020
2020-04-01 08:08:22.036  INFO 1 --- [http-nio-8080-exec-6] com.example.demo.ELKController           : Welcome to JavaInUseWed Apr 01 08:08:22 GMT 2020
2020-04-01 08:08:22.339  INFO 1 --- [http-nio-8080-exec-7] com.example.demo.ELKController           : Welcome to JavaInUseWed Apr 01 08:08:22 GMT 2020
2020-04-01 08:08:22.607  INFO 1 --- [http-nio-8080-exec-8] com.example.demo.ELKController           : Welcome to JavaInUseWed Apr 01 08:08:22 GMT 2020
2020-04-01 08:08:22.877  INFO 1 --- [http-nio-8080-exec-9] com.example.demo.ELKController           : Welcome to JavaInUseWed Apr 01 08:08:22 GMT 2020
2020-04-01 08:08:23.163  INFO 1 --- [http-nio-8080-exec-10] com.example.demo.ELKController           : Welcome to JavaInUseWed Apr 01 08:08:23 GMT 2020
2020-04-01 08:08:23.422  INFO 1 --- [http-nio-8080-exec-2] com.example.demo.ELKController           : Welcome to JavaInUseWed Apr 01 08:08:23 GMT 2020
2020-04-01 08:08:23.713  INFO 1 --- [http-nio-8080-exec-1] com.example.demo.ELKController           : Welcome to JavaInUseWed Apr 01 08:08:23 GMT 2020
2020-04-01 08:08:23.945  INFO 1 --- [http-nio-8080-exec-3] com.example.demo.ELKController           : Welcome to JavaInUseWed Apr 01 08:08:23 GMT 2020
2020-04-01 08:08:53.581  INFO 1 --- [http-nio-8080-exec-5] com.example.demo.ELKController           : Welcome to JavaInUseWed Apr 01 08:08:53 GMT 2020
2020-04-01 08:08:54.708  INFO 1 --- [http-nio-8080-exec-6] com.example.demo.ELKController           : Welcome to JavaInUseWed Apr 01 08:08:54 GMT 2020
2020-04-01 08:08:55.583  INFO 1 --- [http-nio-8080-exec-7] com.example.demo.ELKController           : Welcome to JavaInUseWed Apr 01 08:08:55 GMT 2020
